Input array :
6 3 11 2 11 10 13 9 12 10 15 1 3 9 6 7 
Executing merge on GPU
Executing merge on GPU
Executing merge on GPU
Executing merge on GPU
Executing merge on GPU
Executing merge on GPU
Executing merge on GPU
Executing merge on GPU
Executing merge on GPU
Executing merge on GPU
Executing merge on GPU
Executing merge on GPU
Executing merge on GPU
Executing merge on GPU
Executing merge on GPU
CPU:GPU:GPU:GPU:GPU:CPU:139972139775744139971856279296 exited139971864672000139971910432512139972131383040 exited exited139971507779328

 exitedCPU:139972148168448 exited
 exited

 exited

CPU:139972122990336 exited
CPU threads finished
GPU threads finished
Sorted array :
1 2 3 3 6 6 7 9 10 11 9 10 11 12 13 15 
Run flag :1
N :16
Job time = 0.0498437seconds
